<?xml version="1.0" encoding="UTF-8"?>
<!-- Generated by org.testng.reporters.JUnitXMLReporter -->
<testsuite ignored="0" hostname="DESKTOP-VUGM2GH" failures="0" tests="13" name="Free CRM App Test Cases" time="312.2" errors="0" timestamp="04 Nov 2018 10:16:03 GMT">
  <testcase classname="com.crm.qa.testcases.LoginPageTest" name="crmLogoTest" time="0.804"/>
  <testcase classname="com.crm.qa.testcases.LoginPageTest" name="loginPageTest" time="0.014"/>
  <testcase classname="com.crm.qa.testcases.LoginPageTest" name="loginTest" time="8.438"/>
  <testcase classname="com.crm.qa.testcases.HomePageTest" name="verifyHomePageTitleTest" time="0.015"/>
  <testcase classname="com.crm.qa.testcases.ContactsPageTest" name="selctContactTest" time="0.23"/>
  <testcase classname="com.crm.qa.testcases.HomePageTest" name="verifyUserNameTest" time="0.128"/>
  <testcase classname="com.crm.qa.testcases.ContactsPageTest" name="verifyContactsPageTest" time="0.423"/>
  <testcase classname="com.crm.qa.testcases.HomePageTest" name="verifyContactsLink" time="2.135"/>
  <testcase classname="com.crm.qa.testcases.ContactsPageTest" name="createNewContactTest" time="6.686"/>
  <testcase classname="com.crm.qa.testcases.ContactsPageTest" name="createNewContactTest" time="5.465"/>
  <testcase classname="com.crm.qa.testcases.ContactsPageTest" name="createNewContactTest" time="5.527"/>
  <testcase classname="com.crm.qa.testcases.ContactsPageTest" name="createNewContactTest" time="6.089"/>
  <testcase classname="com.crm.qa.testcases.ContactsPageTest" name="createNewContactTest" time="5.68"/>
</testsuite> <!-- Free CRM App Test Cases -->
