<?xml version="1.0" encoding="UTF-8"?>
<!-- Generated by org.testng.reporters.JUnitXMLReporter -->
<testsuite ignored="0" hostname="DESKTOP-VUGM2GH" failures="0" tests="8" name="Free CRM App Test Cases" time="246.207" errors="0" timestamp="30 Oct 2018 17:23:11 GMT">
  <testcase classname="com.crm.qa.testcases.LoginPageTest" name="crmLogoTest" time="0.085"/>
  <testcase classname="com.crm.qa.testcases.LoginPageTest" name="loginPageTest" time="0.056"/>
  <testcase classname="com.crm.qa.testcases.LoginPageTest" name="loginTest" time="7.125"/>
  <testcase classname="com.crm.qa.testcases.HomePageTest" name="verifyHomePageTitleTest" time="0.023"/>
  <testcase classname="com.crm.qa.testcases.ContactsPageTest" name="selctContactTest" time="0.137"/>
  <testcase classname="com.crm.qa.testcases.HomePageTest" name="verifyUserNameTest" time="0.227"/>
  <testcase classname="com.crm.qa.testcases.ContactsPageTest" name="verifyContactsPageTest" time="0.065"/>
  <testcase classname="com.crm.qa.testcases.HomePageTest" name="verifyContactsLink" time="1.506"/>
</testsuite> <!-- Free CRM App Test Cases -->
