<?xml version="1.0" encoding="UTF-8"?>
<!-- Generated by org.testng.reporters.JUnitXMLReporter -->
<testsuite ignored="2" hostname="DESKTOP-VUGM2GH" failures="0" tests="1" name="Default test" time="39.657" errors="0" timestamp="03 Nov 2018 17:19:40 GMT">
  <testcase classname="com.crm.qa.testcases.ContactsPageTest" name="verifyContactsPageTest" time="0.163"/>
  <testcase classname="com.crm.qa.testcases.ContactsPageTest" name="createNewContactTest" time="0.0">
    <ignored/>
  </testcase> <!-- createNewContactTest -->
  <testcase classname="com.crm.qa.testcases.ContactsPageTest" name="selctContactTest" time="0.0">
    <ignored/>
  </testcase> <!-- selctContactTest -->
</testsuite> <!-- Default test -->
