<?xml version="1.0" encoding="UTF-8"?>
<!-- Generated by org.testng.reporters.JUnitXMLReporter -->
<testsuite ignored="0" hostname="DESKTOP-VUGM2GH" failures="0" tests="3" name="Default test" time="39.29" errors="0" timestamp="28 Oct 2018 07:40:38 GMT">
  <testcase classname="com.crm.qa.testdata.LoginPageTest" name="crmLogoTest" time="0.097"/>
  <testcase classname="com.crm.qa.testdata.LoginPageTest" name="loginPageTest" time="0.044"/>
  <testcase classname="com.crm.qa.testdata.LoginPageTest" name="loginTest" time="6.718"/>
</testsuite> <!-- Default test -->
