<?xml version="1.0" encoding="UTF-8"?>
<!-- Generated by org.testng.reporters.JUnitXMLReporter -->
<testsuite ignored="0" hostname="DESKTOP-VUGM2GH" failures="0" tests="2" name="Free CRM Test cases" time="39.751" errors="0" timestamp="30 Oct 2018 17:16:44 GMT">
  <testcase classname="com.crm.qa.testcases.ContactsPageTest" name="selctContactTest" time="0.223"/>
  <testcase classname="com.crm.qa.testcases.ContactsPageTest" name="verifyContactsPageTest" time="0.056"/>
</testsuite> <!-- Free CRM Test cases -->
