<?xml version="1.0" encoding="UTF-8"?>
<testng-results ignored="0" total="2" passed="2" failed="0" skipped="0">
  <reporter-output>
  </reporter-output>
  <suite started-at="2018-10-30T16:43:49Z" name="Default suite" finished-at="2018-10-30T16:44:29Z" duration-ms="40530">
    <groups>
    </groups>
    <test started-at="2018-10-30T16:43:49Z" name="Default test" finished-at="2018-10-30T16:44:29Z" duration-ms="40530">
      <class name="com.crm.qa.testcases.ContactsPageTest">
        <test-method is-config="true" signature="setUp()[pri:0, instance:com.crm.qa.testcases.ContactsPageTest@1b11171f]" started-at="2018-10-30T16:43:49Z" name="setUp" finished-at="2018-10-30T16:44:08Z" duration-ms="19239" status="PASS">
          <reporter-output>
          </reporter-output>
        </test-method> <!-- setUp -->
        <test-method signature="selctContactTest()[pri:1, instance:com.crm.qa.testcases.ContactsPageTest@1b11171f]" started-at="2018-10-30T16:44:08Z" name="selctContactTest" finished-at="2018-10-30T16:44:08Z" duration-ms="141" status="PASS">
          <reporter-output>
          </reporter-output>
        </test-method> <!-- selctContactTest -->
        <test-method is-config="true" signature="setUp()[pri:0, instance:com.crm.qa.testcases.ContactsPageTest@1b11171f]" started-at="2018-10-30T16:44:08Z" name="setUp" finished-at="2018-10-30T16:44:29Z" duration-ms="21039" status="PASS">
          <reporter-output>
          </reporter-output>
        </test-method> <!-- setUp -->
        <test-method signature="verifyContactsPageTest()[pri:2, instance:com.crm.qa.testcases.ContactsPageTest@1b11171f]" started-at="2018-10-30T16:44:29Z" name="verifyContactsPageTest" finished-at="2018-10-30T16:44:29Z" duration-ms="72" status="PASS">
          <reporter-output>
          </reporter-output>
        </test-method> <!-- verifyContactsPageTest -->
      </class> <!-- com.crm.qa.testcases.ContactsPageTest -->
    </test> <!-- Default test -->
  </suite> <!-- Default suite -->
</testng-results>
